<?xml version="1.0" encoding="UTF-8"?>
<!-- Generated by org.testng.reporters.JUnitXMLReporter -->
<testsuite ignored="0" hostname="DESKTOP-4OHH1IL" failures="0" tests="3" name="Test" time="28.935" errors="0" timestamp="2024-11-25T17:02:40 IST">
  <testcase classname="com.frameworkfortest.Testframework.ValidateDynamicTable" name="TableTest" time="6.845"/>
  <testcase classname="com.frameworkfortest.Testframework.ValidateLogin" name="LoginTest" time="11.304"/>
  <testcase classname="com.frameworkfortest.Testframework.ValidateLogin" name="LoginTest" time="10.716"/>
</testsuite> <!-- Test -->
