<?xml version="1.0" encoding="UTF-8"?>
<!-- Generated by org.testng.reporters.JUnitXMLReporter -->
<testsuite ignored="0" hostname="DESKTOP-4OHH1IL" failures="0" tests="3" name="Test" time="46.24" errors="0" timestamp="2024-11-27T15:47:51 IST">
  <testcase classname="com.frameworkfortest.Testframework.ValidateDynamicTable" name="TableTest" time="15.687"/>
  <testcase classname="com.frameworkfortest.Testframework.ValidateLogin" name="LoginTest" time="18.281"/>
  <testcase classname="com.frameworkfortest.Testframework.ValidateLogin" name="LoginTest" time="12.199"/>
</testsuite> <!-- Test -->
