<?xml version="1.0" encoding="UTF-8"?>
<testng-results ignored="0" total="3" passed="3" failed="0" skipped="0">
  <reporter-output>
  </reporter-output>
  <suite started-at="2024-11-27T15:47:04 IST" name="Suite" finished-at="2024-11-27T15:47:50 IST" duration-ms="46240">
    <groups>
    </groups>
    <test started-at="2024-11-27T15:47:04 IST" name="Test" finished-at="2024-11-27T15:47:50 IST" duration-ms="46240">
      <class name="com.frameworkfortest.Testframework.ValidateDynamicTable">
        <test-method signature="TableTest()[pri:0, instance:com.frameworkfortest.Testframework.ValidateDynamicTable@1c7696c6]" started-at="2024-11-27T15:47:04 IST" name="TableTest" finished-at="2024-11-27T15:47:20 IST" duration-ms="15687" status="PASS">
          <reporter-output>
          </reporter-output>
        </test-method> <!-- TableTest -->
      </class> <!-- com.frameworkfortest.Testframework.ValidateDynamicTable -->
      <class name="com.frameworkfortest.Testframework.ValidateLogin">
        <test-method signature="LoginTest(java.lang.String,java.lang.String)[pri:0, instance:com.frameworkfortest.Testframework.ValidateLogin@63376bed]" started-at="2024-11-27T15:47:20 IST" name="LoginTest" data-provider="getdata" finished-at="2024-11-27T15:47:38 IST" duration-ms="18281" status="PASS">
          <params>
            <param index="0">
              <value>
                <![CDATA[Admin]]>
              </value>
            </param>
            <param index="1">
              <value>
                <![CDATA[admin123]]>
              </value>
            </param>
          </params>
          <reporter-output>
          </reporter-output>
        </test-method> <!-- LoginTest -->
        <test-method signature="LoginTest(java.lang.String,java.lang.String)[pri:0, instance:com.frameworkfortest.Testframework.ValidateLogin@63376bed]" started-at="2024-11-27T15:47:38 IST" name="LoginTest" data-provider="getdata" finished-at="2024-11-27T15:47:50 IST" duration-ms="12199" status="PASS">
          <params>
            <param index="0">
              <value>
                <![CDATA[ghotkarpratiksha1513@gmail.comm]]>
              </value>
            </param>
            <param index="1">
              <value>
                <![CDATA[Pratiksha@156]]>
              </value>
            </param>
          </params>
          <reporter-output>
          </reporter-output>
        </test-method> <!-- LoginTest -->
      </class> <!-- com.frameworkfortest.Testframework.ValidateLogin -->
    </test> <!-- Test -->
  </suite> <!-- Suite -->
</testng-results>
