<?xml version="1.0" encoding="UTF-8"?>
<testng-results ignored="0" total="3" passed="3" failed="0" skipped="0">
  <reporter-output>
  </reporter-output>
  <suite started-at="2024-11-25T18:04:14 IST" name="Default suite" finished-at="2024-11-25T18:04:39 IST" duration-ms="24707">
    <groups>
      <group name="cucumber">
        <method signature="AbstractTestNGCucumberTests.runScenario(io.cucumber.testng.PickleWrapper,io.cucumber.testng.FeatureWrapper)[pri:0, instance:com.frameworkfortest.Testframework.cucumber.E2ERunner@1a482e36]" name="runScenario" class="io.cucumber.testng.AbstractTestNGCucumberTests"/>
      </group> <!-- cucumber -->
    </groups>
    <test started-at="2024-11-25T18:04:14 IST" name="Default test" finished-at="2024-11-25T18:04:39 IST" duration-ms="24707">
      <class name="com.frameworkfortest.Testframework.cucumber.E2ERunner">
        <test-method is-config="true" signature="setUpClass(org.testng.ITestContext)[pri:0, instance:com.frameworkfortest.Testframework.cucumber.E2ERunner@1a482e36]" started-at="2024-11-25T18:04:14 IST" name="setUpClass" finished-at="2024-11-25T18:04:15 IST" duration-ms="904" status="PASS">
          <params>
            <param index="0">
              <value>
                <![CDATA[org.testng.TestRunner@6014a9ba]]>
              </value>
            </param>
          </params>
          <reporter-output>
          </reporter-output>
        </test-method> <!-- setUpClass -->
        <test-method signature="runScenario(io.cucumber.testng.PickleWrapper,io.cucumber.testng.FeatureWrapper)[pri:0, instance:com.frameworkfortest.Testframework.cucumber.E2ERunner@1a482e36]" started-at="2024-11-25T18:04:15 IST" name="runScenario" description="Runs Cucumber Scenarios" data-provider="scenarios" finished-at="2024-11-25T18:04:25 IST" duration-ms="9932" status="PASS">
          <params>
            <param index="0">
              <value>
                <![CDATA["Successful login with valid credentials"]]>
              </value>
            </param>
            <param index="1">
              <value>
                <![CDATA["Login to OrangeHRM"]]>
              </value>
            </param>
          </params>
          <reporter-output>
          </reporter-output>
        </test-method> <!-- runScenario -->
        <test-method signature="runScenario(io.cucumber.testng.PickleWrapper,io.cucumber.testng.FeatureWrapper)[pri:0, instance:com.frameworkfortest.Testframework.cucumber.E2ERunner@1a482e36]" started-at="2024-11-25T18:04:25 IST" name="runScenario" description="Runs Cucumber Scenarios" data-provider="scenarios" finished-at="2024-11-25T18:04:32 IST" duration-ms="6757" status="PASS">
          <params>
            <param index="0">
              <value>
                <![CDATA["Unsuccessful login with empty username"]]>
              </value>
            </param>
            <param index="1">
              <value>
                <![CDATA["Login to OrangeHRM"]]>
              </value>
            </param>
          </params>
          <reporter-output>
          </reporter-output>
        </test-method> <!-- runScenario -->
        <test-method signature="runScenario(io.cucumber.testng.PickleWrapper,io.cucumber.testng.FeatureWrapper)[pri:0, instance:com.frameworkfortest.Testframework.cucumber.E2ERunner@1a482e36]" started-at="2024-11-25T18:04:32 IST" name="runScenario" description="Runs Cucumber Scenarios" data-provider="scenarios" finished-at="2024-11-25T18:04:39 IST" duration-ms="7031" status="PASS">
          <params>
            <param index="0">
              <value>
                <![CDATA["Unsuccessful login with empty password"]]>
              </value>
            </param>
            <param index="1">
              <value>
                <![CDATA["Login to OrangeHRM"]]>
              </value>
            </param>
          </params>
          <reporter-output>
          </reporter-output>
        </test-method> <!-- runScenario -->
        <test-method is-config="true" signature="tearDownClass()[pri:0, instance:com.frameworkfortest.Testframework.cucumber.E2ERunner@1a482e36]" started-at="2024-11-25T18:04:39 IST" name="tearDownClass" finished-at="2024-11-25T18:04:39 IST" duration-ms="33" status="PASS">
          <reporter-output>
          </reporter-output>
        </test-method> <!-- tearDownClass -->
      </class> <!-- com.frameworkfortest.Testframework.cucumber.E2ERunner -->
    </test> <!-- Default test -->
  </suite> <!-- Default suite -->
</testng-results>
